::1 - - [08/Jan/2026 20:05:44] "GET / HTTP/1.1" 200 -
::1 - - [08/Jan/2026 20:05:44] "GET /assets/css/v2.css?v=3 HTTP/1.1" 200 -
::1 - - [08/Jan/2026 20:05:44] "GET /assets/images/andreas%20profile%207.jpg HTTP/1.1" 200 -
::1 - - [08/Jan/2026 20:05:44] code 404, message File not found
::1 - - [08/Jan/2026 20:05:44] "GET /favicon.ico HTTP/1.1" 404 -
::1 - - [08/Jan/2026 20:06:17] "GET / HTTP/1.1" 304 -
::1 - - [08/Jan/2026 20:06:17] "GET /assets/images/andreas%20profile%207.jpg HTTP/1.1" 304 -
::1 - - [08/Jan/2026 20:06:25] "GET / HTTP/1.1" 304 -
::1 - - [08/Jan/2026 20:06:26] "GET / HTTP/1.1" 304 -
::1 - - [08/Jan/2026 20:07:25] "GET / HTTP/1.1" 200 -
::1 - - [08/Jan/2026 20:07:25] "GET /assets/images/andreas%20profile%207.jpg HTTP/1.1" 304 -
::1 - - [08/Jan/2026 20:07:31] "GET / HTTP/1.1" 304 -
::1 - - [08/Jan/2026 20:07:32] "GET / HTTP/1.1" 304 -
::1 - - [08/Jan/2026 20:07:37] "GET / HTTP/1.1" 304 -
::1 - - [08/Jan/2026 20:07:56] "GET / HTTP/1.1" 304 -
::1 - - [08/Jan/2026 20:08:40] "GET / HTTP/1.1" 304 -
::1 - - [08/Jan/2026 20:08:40] "GET /assets/images/andreas%20profile%207.jpg HTTP/1.1" 304 -
::1 - - [08/Jan/2026 20:08:59] "GET / HTTP/1.1" 304 -
::1 - - [08/Jan/2026 20:09:01] "GET / HTTP/1.1" 304 -
::1 - - [08/Jan/2026 20:10:11] "GET / HTTP/1.1" 304 -
::1 - - [08/Jan/2026 20:10:11] "GET /assets/images/andreas%20profile%207.jpg HTTP/1.1" 304 -
::1 - - [08/Jan/2026 20:11:33] "GET / HTTP/1.1" 200 -
::1 - - [08/Jan/2026 20:11:33] "GET /assets/images/andreas%20profile%207.jpg HTTP/1.1" 200 -
::1 - - [08/Jan/2026 20:11:38] "GET / HTTP/1.1" 304 -
::1 - - [08/Jan/2026 20:11:38] "GET /assets/images/andreas%20profile%207.jpg HTTP/1.1" 304 -
::1 - - [08/Jan/2026 20:11:39] "GET / HTTP/1.1" 304 -
::1 - - [08/Jan/2026 20:11:40] "GET / HTTP/1.1" 304 -
::1 - - [08/Jan/2026 20:11:40] "GET / HTTP/1.1" 304 -
::1 - - [08/Jan/2026 20:11:40] "GET / HTTP/1.1" 304 -
::1 - - [08/Jan/2026 20:11:41] "GET / HTTP/1.1" 304 -
::1 - - [08/Jan/2026 20:11:41] "GET / HTTP/1.1" 304 -
::1 - - [08/Jan/2026 20:12:31] "GET / HTTP/1.1" 304 -
::1 - - [08/Jan/2026 20:12:31] "GET /assets/images/andreas%20profile%207.jpg HTTP/1.1" 304 -
::1 - - [08/Jan/2026 20:12:45] "GET / HTTP/1.1" 304 -
::1 - - [08/Jan/2026 20:12:46] "GET /assets/images/andreas%20profile%207.jpg HTTP/1.1" 304 -
::1 - - [08/Jan/2026 20:12:46] "GET / HTTP/1.1" 304 -
::1 - - [08/Jan/2026 20:12:56] "GET / HTTP/1.1" 304 -
::1 - - [08/Jan/2026 20:12:56] "GET / HTTP/1.1" 304 -
::1 - - [08/Jan/2026 20:12:59] "GET / HTTP/1.1" 200 -
::1 - - [08/Jan/2026 20:12:59] "GET /assets/css/v2.css?v=3 HTTP/1.1" 200 -
::1 - - [08/Jan/2026 20:12:59] "GET /assets/logos/wix-svgrepo-com.svg HTTP/1.1" 200 -
::1 - - [08/Jan/2026 20:12:59] "GET /assets/images/andreas%20profile%207.jpg HTTP/1.1" 200 -
::1 - - [08/Jan/2026 20:12:59] "GET /assets/logos/tiktok-icon-white-1-logo-svgrepo-com.svg HTTP/1.1" 200 -
::1 - - [08/Jan/2026 20:12:59] "GET /assets/logos/Google_2015_logo.svg HTTP/1.1" 200 -
::1 - - [08/Jan/2026 20:12:59] "GET /assets/logos/Amazon_logo.svg HTTP/1.1" 200 -
::1 - - [08/Jan/2026 20:12:59] "GET /assets/logos/logo-db-schenker-1.svg HTTP/1.1" 200 -
::1 - - [08/Jan/2026 20:12:59] "GET /assets/logos/Film_i_V%C3%A4st_logo.svg HTTP/1.1" 200 -
::1 - - [08/Jan/2026 20:13:00] code 404, message File not found
::1 - - [08/Jan/2026 20:13:00] "GET /favicon.ico HTTP/1.1" 404 -
::1 - - [08/Jan/2026 20:15:57] "GET / HTTP/1.1" 200 -
::1 - - [08/Jan/2026 20:15:57] "GET /assets/css/v2.css?v=3 HTTP/1.1" 200 -
::1 - - [08/Jan/2026 20:15:57] "GET /assets/images/andreas%20profile%207%20copy.jpg HTTP/1.1" 200 -
::1 - - [08/Jan/2026 20:15:58] "GET / HTTP/1.1" 304 -
::1 - - [08/Jan/2026 20:18:54] "GET / HTTP/1.1" 304 -
::1 - - [08/Jan/2026 20:18:54] "GET /assets/css/v2.css?v=3 HTTP/1.1" 304 -
::1 - - [08/Jan/2026 20:18:54] "GET /assets/images/andreas%20profile%207%20copy.jpg HTTP/1.1" 304 -
::1 - - [08/Jan/2026 20:21:35] "GET / HTTP/1.1" 304 -
::1 - - [08/Jan/2026 20:21:35] "GET /assets/css/v2.css?v=3 HTTP/1.1" 304 -
::1 - - [08/Jan/2026 20:21:35] "GET /assets/images/andreas%20profile%207%20copy.jpg HTTP/1.1" 304 -
::1 - - [08/Jan/2026 20:23:07] "GET / HTTP/1.1" 304 -
::1 - - [08/Jan/2026 20:23:07] "GET /assets/css/v2.css?v=3 HTTP/1.1" 200 -
::1 - - [08/Jan/2026 20:23:07] "GET /assets/images/andreas%20profile%207%20copy.jpg HTTP/1.1" 304 -
::1 - - [08/Jan/2026 20:26:40] "GET / HTTP/1.1" 304 -
::1 - - [08/Jan/2026 20:26:40] "GET /assets/css/v2.css?v=3 HTTP/1.1" 304 -
::1 - - [08/Jan/2026 20:26:40] "GET /assets/images/andreas%20profile%207%20copy.jpg HTTP/1.1" 304 -
::1 - - [08/Jan/2026 20:26:41] "GET / HTTP/1.1" 304 -
::1 - - [08/Jan/2026 20:26:46] "GET / HTTP/1.1" 304 -
::1 - - [08/Jan/2026 20:26:48] "GET / HTTP/1.1" 200 -
::1 - - [08/Jan/2026 20:26:48] "GET /assets/css/v2.css?v=3 HTTP/1.1" 200 -
::1 - - [08/Jan/2026 20:26:49] "GET /assets/images/andreas%20profile%207%20copy.jpg HTTP/1.1" 200 -
::1 - - [08/Jan/2026 20:26:49] "GET /assets/logos/Google_2015_logo.svg HTTP/1.1" 200 -
::1 - - [08/Jan/2026 20:26:49] "GET /assets/logos/wix-svgrepo-com.svg HTTP/1.1" 200 -
::1 - - [08/Jan/2026 20:26:49] "GET /assets/logos/logo-db-schenker-1.svg HTTP/1.1" 200 -
::1 - - [08/Jan/2026 20:26:49] "GET /assets/logos/Amazon_logo.svg HTTP/1.1" 200 -
::1 - - [08/Jan/2026 20:26:49] "GET /assets/logos/tiktok-icon-white-1-logo-svgrepo-com.svg HTTP/1.1" 200 -
::1 - - [08/Jan/2026 20:26:49] "GET /assets/logos/Film_i_V%C3%A4st_logo.svg HTTP/1.1" 200 -
::1 - - [08/Jan/2026 20:26:49] code 404, message File not found
::1 - - [08/Jan/2026 20:26:49] "GET /favicon.ico HTTP/1.1" 404 -
::1 - - [08/Jan/2026 20:26:49] "GET /assets/svg/list-check-svgrepo-com-gold.svg HTTP/1.1" 200 -
::1 - - [08/Jan/2026 20:26:50] "GET /assets/svg/shield-check-gold.svg HTTP/1.1" 200 -
::1 - - [08/Jan/2026 20:29:00] "GET / HTTP/1.1" 304 -
::1 - - [08/Jan/2026 20:29:00] "GET /assets/css/v2.css?v=3 HTTP/1.1" 200 -
::1 - - [08/Jan/2026 20:29:00] "GET /assets/images/andreas%20profile%207%20copy.jpg HTTP/1.1" 304 -
::1 - - [08/Jan/2026 20:34:37] "GET / HTTP/1.1" 200 -
::1 - - [08/Jan/2026 20:34:37] "GET /assets/css/v2.css?v=3 HTTP/1.1" 304 -
::1 - - [08/Jan/2026 20:34:37] "GET /assets/images/andreas%20profile%207%20copy.jpg HTTP/1.1" 304 -
::1 - - [08/Jan/2026 20:34:38] "GET / HTTP/1.1" 304 -
::1 - - [08/Jan/2026 20:34:48] "GET / HTTP/1.1" 200 -
::1 - - [08/Jan/2026 20:34:49] "GET / HTTP/1.1" 304 -
::1 - - [08/Jan/2026 20:34:50] "GET / HTTP/1.1" 304 -
::1 - - [08/Jan/2026 20:34:56] "GET / HTTP/1.1" 304 -
::1 - - [08/Jan/2026 20:34:57] "GET / HTTP/1.1" 200 -
::1 - - [08/Jan/2026 20:34:57] "GET /assets/css/v2.css?v=3 HTTP/1.1" 200 -
::1 - - [08/Jan/2026 20:34:57] "GET /assets/logos/tiktok-icon-white-1-logo-svgrepo-com.svg HTTP/1.1" 200 -
::1 - - [08/Jan/2026 20:34:57] "GET /assets/images/andreas%20profile%207%20copy.jpg HTTP/1.1" 200 -
::1 - - [08/Jan/2026 20:34:57] "GET /assets/logos/Amazon_logo.svg HTTP/1.1" 200 -
::1 - - [08/Jan/2026 20:34:57] "GET /assets/logos/Google_2015_logo.svg HTTP/1.1" 200 -
::1 - - [08/Jan/2026 20:34:57] "GET /assets/logos/wix-svgrepo-com.svg HTTP/1.1" 200 -
::1 - - [08/Jan/2026 20:34:57] "GET /assets/logos/logo-db-schenker-1.svg HTTP/1.1" 200 -
::1 - - [08/Jan/2026 20:34:57] "GET /assets/logos/Film_i_V%C3%A4st_logo.svg HTTP/1.1" 200 -
::1 - - [08/Jan/2026 20:34:57] code 404, message File not found
::1 - - [08/Jan/2026 20:34:57] "GET /favicon.ico HTTP/1.1" 404 -
::1 - - [08/Jan/2026 20:34:59] "GET /assets/svg/list-check-svgrepo-com-gold.svg HTTP/1.1" 200 -
::1 - - [08/Jan/2026 20:34:59] "GET /assets/svg/shield-check-gold.svg HTTP/1.1" 200 -
::1 - - [08/Jan/2026 20:39:03] "GET / HTTP/1.1" 200 -
::1 - - [08/Jan/2026 20:39:03] "GET /assets/css/v2.css?v=3 HTTP/1.1" 200 -
::1 - - [08/Jan/2026 20:39:03] "GET /assets/logos/wix-svgrepo-com.svg HTTP/1.1" 200 -
::1 - - [08/Jan/2026 20:39:03] "GET /assets/images/andreas%20profile%207%20copy.jpg HTTP/1.1" 200 -
::1 - - [08/Jan/2026 20:39:03] "GET /assets/logos/logo-db-schenker-1.svg HTTP/1.1" 200 -
::1 - - [08/Jan/2026 20:39:03] "GET /assets/logos/Google_2015_logo.svg HTTP/1.1" 200 -
::1 - - [08/Jan/2026 20:39:03] "GET /assets/logos/Amazon_logo.svg HTTP/1.1" 200 -
::1 - - [08/Jan/2026 20:39:03] "GET /assets/logos/tiktok-icon-white-1-logo-svgrepo-com.svg HTTP/1.1" 200 -
::1 - - [08/Jan/2026 20:39:03] "GET /assets/logos/Film_i_V%C3%A4st_logo.svg HTTP/1.1" 200 -
::1 - - [08/Jan/2026 20:39:03] code 404, message File not found
::1 - - [08/Jan/2026 20:39:03] "GET /favicon.ico HTTP/1.1" 404 -
::1 - - [08/Jan/2026 20:39:22] "GET / HTTP/1.1" 304 -
::1 - - [08/Jan/2026 20:39:48] "GET / HTTP/1.1" 304 -
::1 - - [08/Jan/2026 20:39:49] "GET /assets/css/v2.css?v=3 HTTP/1.1" 304 -
::1 - - [08/Jan/2026 20:48:05] "GET / HTTP/1.1" 304 -
::1 - - [08/Jan/2026 20:48:05] "GET /assets/css/v2.css?v=3 HTTP/1.1" 200 -
::1 - - [08/Jan/2026 20:48:05] "GET /assets/images/andreas%20profile%207%20copy.jpg HTTP/1.1" 304 -
::1 - - [08/Jan/2026 20:48:50] "GET / HTTP/1.1" 304 -
::1 - - [08/Jan/2026 20:48:50] "GET /assets/css/v2.css?v=3 HTTP/1.1" 304 -
::1 - - [08/Jan/2026 20:49:53] "GET / HTTP/1.1" 304 -
::1 - - [08/Jan/2026 20:49:53] "GET /assets/css/v2.css?v=3 HTTP/1.1" 200 -
::1 - - [08/Jan/2026 20:50:00] "GET / HTTP/1.1" 304 -
::1 - - [08/Jan/2026 20:50:00] "GET /assets/css/v2.css?v=3 HTTP/1.1" 304 -
::1 - - [08/Jan/2026 20:51:13] "GET / HTTP/1.1" 200 -
::1 - - [08/Jan/2026 20:51:13] "GET /assets/css/v2.css?v=3 HTTP/1.1" 304 -
::1 - - [08/Jan/2026 20:53:12] "GET / HTTP/1.1" 200 -
::1 - - [08/Jan/2026 20:53:12] "GET /assets/css/v2.css?v=3 HTTP/1.1" 304 -
::1 - - [08/Jan/2026 20:53:12] "GET /assets/images/andreas%20profile%207%20copy.jpg HTTP/1.1" 304 -
::1 - - [08/Jan/2026 20:55:43] "GET / HTTP/1.1" 304 -
::1 - - [08/Jan/2026 20:55:43] "GET /assets/css/v2.css?v=3 HTTP/1.1" 304 -
::1 - - [08/Jan/2026 21:04:24] "GET / HTTP/1.1" 304 -
::1 - - [08/Jan/2026 21:04:24] "GET /assets/css/v2.css?v=3 HTTP/1.1" 200 -
::1 - - [08/Jan/2026 21:04:24] "GET /assets/images/andreas%20profile%207%20copy.jpg HTTP/1.1" 304 -
::1 - - [08/Jan/2026 21:04:54] "GET /assets/css/v2.css?v=3 HTTP/1.1" 304 -
::1 - - [08/Jan/2026 21:04:54] code 404, message File not found
::1 - - [08/Jan/2026 21:04:54] "GET /.well-known/appspecific/com.chrome.devtools.json HTTP/1.1" 404 -
::1 - - [08/Jan/2026 21:05:06] code 404, message File not found
::1 - - [08/Jan/2026 21:05:06] "GET /.well-known/appspecific/com.chrome.devtools.json HTTP/1.1" 404 -
::1 - - [08/Jan/2026 21:05:06] code 404, message File not found
::1 - - [08/Jan/2026 21:05:06] "GET /.well-known/appspecific/com.chrome.devtools.json HTTP/1.1" 404 -
::1 - - [08/Jan/2026 21:05:14] code 404, message File not found
::1 - - [08/Jan/2026 21:05:14] "GET /.well-known/appspecific/com.chrome.devtools.json HTTP/1.1" 404 -
::1 - - [08/Jan/2026 21:05:14] code 404, message File not found
::1 - - [08/Jan/2026 21:05:14] "GET /.well-known/appspecific/com.chrome.devtools.json HTTP/1.1" 404 -
::1 - - [08/Jan/2026 21:10:05] "GET / HTTP/1.1" 304 -
::1 - - [08/Jan/2026 21:10:05] code 404, message File not found
::1 - - [08/Jan/2026 21:10:05] "GET /.well-known/appspecific/com.chrome.devtools.json HTTP/1.1" 404 -
::1 - - [08/Jan/2026 21:10:05] "GET /assets/css/v2.css?v=3 HTTP/1.1" 304 -
::1 - - [08/Jan/2026 21:10:06] "GET /assets/images/andreas%20profile%207%20copy.jpg HTTP/1.1" 304 -
::1 - - [08/Jan/2026 21:10:40] "GET / HTTP/1.1" 200 -
::1 - - [08/Jan/2026 21:10:40] code 404, message File not found
::1 - - [08/Jan/2026 21:10:40] "GET /.well-known/appspecific/com.chrome.devtools.json HTTP/1.1" 404 -
::1 - - [08/Jan/2026 21:10:41] "GET /assets/svg/13345343271673529871.svg HTTP/1.1" 200 -
::1 - - [08/Jan/2026 21:11:20] "GET / HTTP/1.1" 304 -
::1 - - [08/Jan/2026 21:11:20] code 404, message File not found
::1 - - [08/Jan/2026 21:11:20] "GET /.well-known/appspecific/com.chrome.devtools.json HTTP/1.1" 404 -
::1 - - [08/Jan/2026 21:11:20] "GET /assets/css/v2.css?v=3 HTTP/1.1" 304 -
::1 - - [08/Jan/2026 21:11:22] "GET /assets/svg/13345343271673529871.svg HTTP/1.1" 304 -
::1 - - [08/Jan/2026 21:11:27] "GET / HTTP/1.1" 304 -
::1 - - [08/Jan/2026 21:11:27] code 404, message File not found
::1 - - [08/Jan/2026 21:11:27] "GET /.well-known/appspecific/com.chrome.devtools.json HTTP/1.1" 404 -
::1 - - [08/Jan/2026 21:11:42] "GET / HTTP/1.1" 304 -
::1 - - [08/Jan/2026 21:11:42] code 404, message File not found
::1 - - [08/Jan/2026 21:11:42] "GET /.well-known/appspecific/com.chrome.devtools.json HTTP/1.1" 404 -
::1 - - [08/Jan/2026 21:11:43] "GET /assets/svg/13345343271673529871.svg HTTP/1.1" 200 -
::1 - - [08/Jan/2026 21:25:27] "GET / HTTP/1.1" 200 -
::1 - - [08/Jan/2026 21:25:27] code 404, message File not found
::1 - - [08/Jan/2026 21:25:27] "GET /.well-known/appspecific/com.chrome.devtools.json HTTP/1.1" 404 -
::1 - - [08/Jan/2026 21:25:27] "GET /assets/css/v2.css?v=3 HTTP/1.1" 304 -
::1 - - [08/Jan/2026 21:25:27] "GET /assets/images/andreas%20profile%207%20copy.jpg HTTP/1.1" 304 -
::1 - - [08/Jan/2026 21:25:28] "GET /assets/svg/1435369321678773559%20(1).svg HTTP/1.1" 200 -
::1 - - [08/Jan/2026 21:25:29] "GET /assets/svg/13345343271673529871.svg HTTP/1.1" 304 -
::1 - - [08/Jan/2026 21:27:10] "GET / HTTP/1.1" 304 -
::1 - - [08/Jan/2026 21:27:10] code 404, message File not found
::1 - - [08/Jan/2026 21:27:10] "GET /.well-known/appspecific/com.chrome.devtools.json HTTP/1.1" 404 -
::1 - - [08/Jan/2026 21:27:13] "GET /assets/svg/1435369321678773559%20(1).svg HTTP/1.1" 200 -
::1 - - [08/Jan/2026 21:27:14] "GET /assets/svg/13345343271673529871.svg HTTP/1.1" 304 -
::1 - - [08/Jan/2026 21:30:16] "GET / HTTP/1.1" 200 -
::1 - - [08/Jan/2026 21:30:17] code 404, message File not found
::1 - - [08/Jan/2026 21:30:17] "GET /.well-known/appspecific/com.chrome.devtools.json HTTP/1.1" 404 -
::1 - - [08/Jan/2026 21:30:17] "GET /assets/css/v2.css?v=3 HTTP/1.1" 304 -
::1 - - [08/Jan/2026 21:30:19] "GET /assets/svg/13345343271673529871.svg HTTP/1.1" 304 -
::1 - - [08/Jan/2026 21:32:56] "GET / HTTP/1.1" 304 -
::1 - - [08/Jan/2026 21:32:56] code 404, message File not found
::1 - - [08/Jan/2026 21:32:56] "GET /.well-known/appspecific/com.chrome.devtools.json HTTP/1.1" 404 -
::1 - - [08/Jan/2026 21:32:56] "GET /assets/css/v2.css?v=3 HTTP/1.1" 200 -
::1 - - [08/Jan/2026 21:32:56] "GET /assets/images/andreas%20profile%207%20copy.jpg HTTP/1.1" 304 -
::1 - - [08/Jan/2026 21:32:58] "GET /assets/svg/13345343271673529871.svg HTTP/1.1" 304 -
::1 - - [08/Jan/2026 21:33:25] "GET / HTTP/1.1" 304 -
::1 - - [08/Jan/2026 21:33:25] code 404, message File not found
::1 - - [08/Jan/2026 21:33:25] "GET /.well-known/appspecific/com.chrome.devtools.json HTTP/1.1" 404 -
::1 - - [08/Jan/2026 21:33:25] "GET /assets/css/v2.css?v=3 HTTP/1.1" 200 -
::1 - - [08/Jan/2026 21:34:15] "GET / HTTP/1.1" 304 -
::1 - - [08/Jan/2026 21:34:15] code 404, message File not found
::1 - - [08/Jan/2026 21:34:15] "GET /.well-known/appspecific/com.chrome.devtools.json HTTP/1.1" 404 -
::1 - - [08/Jan/2026 21:34:15] "GET /assets/css/v2.css?v=3 HTTP/1.1" 200 -
::1 - - [08/Jan/2026 21:34:20] "GET / HTTP/1.1" 304 -
::1 - - [08/Jan/2026 21:34:20] code 404, message File not found
::1 - - [08/Jan/2026 21:34:20] "GET /.well-known/appspecific/com.chrome.devtools.json HTTP/1.1" 404 -
::1 - - [08/Jan/2026 21:34:20] "GET /assets/css/v2.css?v=3 HTTP/1.1" 304 -
::1 - - [08/Jan/2026 21:34:50] "GET / HTTP/1.1" 304 -
::1 - - [08/Jan/2026 21:34:50] code 404, message File not found
::1 - - [08/Jan/2026 21:34:50] "GET /.well-known/appspecific/com.chrome.devtools.json HTTP/1.1" 404 -
::1 - - [08/Jan/2026 21:34:50] "GET /assets/css/v2.css?v=3 HTTP/1.1" 200 -
::1 - - [08/Jan/2026 21:35:49] "GET / HTTP/1.1" 304 -
::1 - - [08/Jan/2026 21:35:49] code 404, message File not found
::1 - - [08/Jan/2026 21:35:49] "GET /.well-known/appspecific/com.chrome.devtools.json HTTP/1.1" 404 -
::1 - - [08/Jan/2026 21:35:49] "GET /assets/css/v2.css?v=3 HTTP/1.1" 200 -
::1 - - [08/Jan/2026 21:35:54] "GET / HTTP/1.1" 304 -
::1 - - [08/Jan/2026 21:35:54] code 404, message File not found
::1 - - [08/Jan/2026 21:35:54] "GET /.well-known/appspecific/com.chrome.devtools.json HTTP/1.1" 404 -
::1 - - [08/Jan/2026 21:35:54] "GET /assets/css/v2.css?v=3 HTTP/1.1" 304 -
::1 - - [08/Jan/2026 21:36:20] "GET /assets/svg/13345343271673529871.svg HTTP/1.1" 304 -
::1 - - [08/Jan/2026 21:36:29] "GET / HTTP/1.1" 304 -
::1 - - [08/Jan/2026 21:36:29] code 404, message File not found
::1 - - [08/Jan/2026 21:36:29] "GET /.well-known/appspecific/com.chrome.devtools.json HTTP/1.1" 404 -
::1 - - [08/Jan/2026 21:36:29] "GET /assets/css/v2.css?v=3 HTTP/1.1" 200 -
::1 - - [08/Jan/2026 21:36:30] "GET / HTTP/1.1" 304 -
::1 - - [08/Jan/2026 21:36:30] code 404, message File not found
::1 - - [08/Jan/2026 21:36:30] "GET /.well-known/appspecific/com.chrome.devtools.json HTTP/1.1" 404 -
::1 - - [08/Jan/2026 21:36:30] "GET /assets/css/v2.css?v=3 HTTP/1.1" 304 -
::1 - - [08/Jan/2026 21:36:35] "GET / HTTP/1.1" 304 -
::1 - - [08/Jan/2026 21:36:35] code 404, message File not found
::1 - - [08/Jan/2026 21:36:35] "GET /.well-known/appspecific/com.chrome.devtools.json HTTP/1.1" 404 -
::1 - - [08/Jan/2026 21:36:35] "GET /assets/css/v2.css?v=3 HTTP/1.1" 304 -
::1 - - [08/Jan/2026 21:36:56] "GET / HTTP/1.1" 304 -
::1 - - [08/Jan/2026 21:36:56] code 404, message File not found
::1 - - [08/Jan/2026 21:36:56] "GET /.well-known/appspecific/com.chrome.devtools.json HTTP/1.1" 404 -
::1 - - [08/Jan/2026 21:36:56] "GET /assets/css/v2.css?v=3 HTTP/1.1" 304 -
::1 - - [08/Jan/2026 21:37:01] "GET / HTTP/1.1" 304 -
::1 - - [08/Jan/2026 21:37:01] code 404, message File not found
::1 - - [08/Jan/2026 21:37:01] "GET /.well-known/appspecific/com.chrome.devtools.json HTTP/1.1" 404 -
::1 - - [08/Jan/2026 21:37:01] "GET /assets/css/v2.css?v=3 HTTP/1.1" 200 -
::1 - - [08/Jan/2026 21:37:07] "GET / HTTP/1.1" 304 -
::1 - - [08/Jan/2026 21:37:07] code 404, message File not found
::1 - - [08/Jan/2026 21:37:07] "GET /.well-known/appspecific/com.chrome.devtools.json HTTP/1.1" 404 -
::1 - - [08/Jan/2026 21:37:07] "GET /assets/css/v2.css?v=3 HTTP/1.1" 304 -
::1 - - [08/Jan/2026 21:37:20] "GET / HTTP/1.1" 304 -
::1 - - [08/Jan/2026 21:37:20] code 404, message File not found
::1 - - [08/Jan/2026 21:37:20] "GET /.well-known/appspecific/com.chrome.devtools.json HTTP/1.1" 404 -
::1 - - [08/Jan/2026 21:37:20] "GET /assets/css/v2.css?v=3 HTTP/1.1" 200 -
::1 - - [08/Jan/2026 21:42:25] "GET / HTTP/1.1" 304 -
::1 - - [08/Jan/2026 21:42:25] code 404, message File not found
::1 - - [08/Jan/2026 21:42:25] "GET /.well-known/appspecific/com.chrome.devtools.json HTTP/1.1" 404 -
::1 - - [08/Jan/2026 21:42:25] "GET /assets/css/v2.css?v=3 HTTP/1.1" 200 -
::1 - - [08/Jan/2026 21:42:25] "GET /assets/images/andreas%20profile%207%20copy.jpg HTTP/1.1" 304 -
::1 - - [08/Jan/2026 21:42:26] "GET /assets/svg/13345343271673529871.svg HTTP/1.1" 304 -
::1 - - [08/Jan/2026 21:42:45] "GET / HTTP/1.1" 304 -
::1 - - [08/Jan/2026 21:42:45] code 404, message File not found
::1 - - [08/Jan/2026 21:42:45] "GET /.well-known/appspecific/com.chrome.devtools.json HTTP/1.1" 404 -
::1 - - [08/Jan/2026 21:42:45] "GET /assets/css/v2.css?v=3 HTTP/1.1" 304 -
::1 - - [08/Jan/2026 21:43:13] "GET / HTTP/1.1" 304 -
::1 - - [08/Jan/2026 21:43:13] code 404, message File not found
::1 - - [08/Jan/2026 21:43:13] "GET /.well-known/appspecific/com.chrome.devtools.json HTTP/1.1" 404 -
::1 - - [08/Jan/2026 21:43:13] "GET /assets/css/v2.css?v=3 HTTP/1.1" 200 -
::1 - - [08/Jan/2026 21:44:21] "GET / HTTP/1.1" 304 -
::1 - - [08/Jan/2026 21:44:21] code 404, message File not found
::1 - - [08/Jan/2026 21:44:21] "GET /.well-known/appspecific/com.chrome.devtools.json HTTP/1.1" 404 -
::1 - - [08/Jan/2026 21:44:21] "GET /assets/css/v2.css?v=3 HTTP/1.1" 200 -
::1 - - [08/Jan/2026 21:45:48] "GET / HTTP/1.1" 200 -
::1 - - [08/Jan/2026 21:45:48] code 404, message File not found
::1 - - [08/Jan/2026 21:45:48] "GET /.well-known/appspecific/com.chrome.devtools.json HTTP/1.1" 404 -
::1 - - [08/Jan/2026 21:45:48] "GET /assets/css/v2.css?v=3 HTTP/1.1" 304 -
::1 - - [08/Jan/2026 21:45:49] "GET /assets/svg/13345343271673529871.svg HTTP/1.1" 304 -
::1 - - [08/Jan/2026 21:45:52] "GET / HTTP/1.1" 304 -
::1 - - [08/Jan/2026 21:45:52] code 404, message File not found
::1 - - [08/Jan/2026 21:45:52] "GET /.well-known/appspecific/com.chrome.devtools.json HTTP/1.1" 404 -
::1 - - [08/Jan/2026 21:46:47] "GET / HTTP/1.1" 304 -
::1 - - [08/Jan/2026 21:46:47] code 404, message File not found
::1 - - [08/Jan/2026 21:46:47] "GET /.well-known/appspecific/com.chrome.devtools.json HTTP/1.1" 404 -
::1 - - [08/Jan/2026 21:46:47] "GET /assets/css/v2.css?v=3 HTTP/1.1" 304 -
::1 - - [08/Jan/2026 21:46:51] "GET / HTTP/1.1" 304 -
::1 - - [08/Jan/2026 21:46:51] code 404, message File not found
::1 - - [08/Jan/2026 21:46:51] "GET /.well-known/appspecific/com.chrome.devtools.json HTTP/1.1" 404 -
::1 - - [08/Jan/2026 21:47:25] "GET / HTTP/1.1" 200 -
::1 - - [08/Jan/2026 21:47:25] code 404, message File not found
::1 - - [08/Jan/2026 21:47:25] "GET /.well-known/appspecific/com.chrome.devtools.json HTTP/1.1" 404 -
::1 - - [08/Jan/2026 21:47:25] "GET /assets/css/v2.css?v=3 HTTP/1.1" 304 -
::1 - - [08/Jan/2026 21:49:05] "GET / HTTP/1.1" 200 -
::1 - - [08/Jan/2026 21:49:05] code 404, message File not found
::1 - - [08/Jan/2026 21:49:05] "GET /.well-known/appspecific/com.chrome.devtools.json HTTP/1.1" 404 -
::1 - - [08/Jan/2026 21:49:05] "GET /assets/css/v2.css?v=3 HTTP/1.1" 200 -
::1 - - [08/Jan/2026 21:49:11] "GET / HTTP/1.1" 304 -
::1 - - [08/Jan/2026 21:49:11] code 404, message File not found
::1 - - [08/Jan/2026 21:49:11] "GET /.well-known/appspecific/com.chrome.devtools.json HTTP/1.1" 404 -
::1 - - [08/Jan/2026 21:49:11] "GET /assets/css/v2.css?v=3 HTTP/1.1" 304 -
::1 - - [08/Jan/2026 21:49:23] "GET / HTTP/1.1" 304 -
::1 - - [08/Jan/2026 21:49:23] code 404, message File not found
::1 - - [08/Jan/2026 21:49:23] "GET /.well-known/appspecific/com.chrome.devtools.json HTTP/1.1" 404 -
::1 - - [08/Jan/2026 21:49:23] "GET /assets/css/v2.css?v=3 HTTP/1.1" 304 -
::1 - - [08/Jan/2026 21:49:25] "GET /assets/svg/13345343271673529871.svg HTTP/1.1" 304 -
::1 - - [08/Jan/2026 21:56:21] "GET / HTTP/1.1" 200 -
::1 - - [08/Jan/2026 21:56:21] code 404, message File not found
::1 - - [08/Jan/2026 21:56:21] "GET /.well-known/appspecific/com.chrome.devtools.json HTTP/1.1" 404 -
::1 - - [08/Jan/2026 21:56:21] "GET /assets/css/v2.css?v=3 HTTP/1.1" 304 -
::1 - - [08/Jan/2026 21:56:22] "GET /assets/images/andreas%20profile%207%20copy.jpg HTTP/1.1" 304 -
::1 - - [08/Jan/2026 21:56:24] "GET /assets/svg/13345343271673529871.svg HTTP/1.1" 304 -
::1 - - [08/Jan/2026 21:58:10] "GET / HTTP/1.1" 200 -
::1 - - [08/Jan/2026 21:58:10] code 404, message File not found
::1 - - [08/Jan/2026 21:58:10] "GET /.well-known/appspecific/com.chrome.devtools.json HTTP/1.1" 404 -
::1 - - [08/Jan/2026 21:58:10] "GET /assets/css/v2.css?v=3 HTTP/1.1" 304 -
::1 - - [08/Jan/2026 21:58:23] "GET / HTTP/1.1" 304 -
::1 - - [08/Jan/2026 21:58:23] code 404, message File not found
::1 - - [08/Jan/2026 21:58:23] "GET /.well-known/appspecific/com.chrome.devtools.json HTTP/1.1" 404 -
::1 - - [08/Jan/2026 21:59:49] "GET / HTTP/1.1" 304 -
::1 - - [08/Jan/2026 21:59:49] code 404, message File not found
::1 - - [08/Jan/2026 21:59:49] "GET /.well-known/appspecific/com.chrome.devtools.json HTTP/1.1" 404 -
::1 - - [08/Jan/2026 21:59:49] "GET /assets/css/v2.css?v=3 HTTP/1.1" 200 -
